<?xml version="1.0" encoding="UTF-8" standalone="no"?>
<licenseSummary>
    <dependencies>
        <dependency>
            <groupId>ch.qos.logback</groupId>
            <artifactId>logback-classic</artifactId>
            <version>1.5.18</version>
            <licenses>
                <license>
                    <name>Eclipse Public License - v 1.0</name>
                    <url>http://www.eclipse.org/legal/epl-v10.html</url>
                    <file>eclipse public license - v 1.0 - epl-v10.html</file>
                </license>
                <license>
                    <name>GNU Lesser General Public License</name>
                    <url>http://www.gnu.org/licenses/old-licenses/lgpl-2.1.html</url>
                </license>
            </licenses>
        </dependency>
        <dependency>
            <groupId>ch.qos.logback</groupId>
            <artifactId>logback-core</artifactId>
            <version>1.5.18</version>
            <licenses>
                <license>
                    <name>Eclipse Public License - v 1.0</name>
                    <url>http://www.eclipse.org/legal/epl-v10.html</url>
                    <file>eclipse public license - v 1.0 - epl-v10.html</file>
                </license>
                <license>
                    <name>GNU Lesser General Public License</name>
                    <url>http://www.gnu.org/licenses/old-licenses/lgpl-2.1.html</url>
                </license>
            </licenses>
        </dependency>
    </dependencies>
</licenseSummary>
